c:\users\user\documents\visual studio 2015\projects\consoleapplication1\consoleapplication1\release\consoleapplication1.pch
c:\users\user\documents\visual studio 2015\projects\consoleapplication1\consoleapplication1\release\vc140.pdb
c:\users\user\documents\visual studio 2015\projects\consoleapplication1\consoleapplication1\release\stdafx.obj
c:\users\user\documents\visual studio 2015\projects\consoleapplication1\consoleapplication1\release\registrymodule.obj
c:\users\user\documents\visual studio 2015\projects\consoleapplication1\consoleapplication1\release\processmodule.obj
c:\users\user\documents\visual studio 2015\projects\consoleapplication1\consoleapplication1\release\openconnectionmodule.obj
c:\users\user\documents\visual studio 2015\projects\consoleapplication1\consoleapplication1\release\ioc-parser.obj
c:\users\user\documents\visual studio 2015\projects\consoleapplication1\consoleapplication1\release\node.obj
c:\users\user\documents\visual studio 2015\projects\consoleapplication1\consoleapplication1\release\mutantmodule.obj
c:\users\user\documents\visual studio 2015\projects\consoleapplication1\consoleapplication1\release\hashmodule.obj
c:\users\user\documents\visual studio 2015\projects\consoleapplication1\consoleapplication1\release\filemodule.obj
c:\users\user\documents\visual studio 2015\projects\consoleapplication1\consoleapplication1\release\dnsmodule.obj
c:\users\user\documents\visual studio 2015\projects\consoleapplication1\consoleapplication1\release\curlmodule.obj
c:\users\user\documents\visual studio 2015\projects\consoleapplication1\consoleapplication1\release\consoleapplication1.obj
c:\users\user\documents\visual studio 2015\projects\consoleapplication1\consoleapplication1\release\certmodule.obj
c:\users\user\documents\visual studio 2015\projects\consoleapplication1\release\consoleapplication1.exe
c:\users\user\documents\visual studio 2015\projects\consoleapplication1\release\consoleapplication1.ipdb
c:\users\user\documents\visual studio 2015\projects\consoleapplication1\release\consoleapplication1.iobj
c:\users\user\documents\visual studio 2015\projects\consoleapplication1\release\consoleapplication1.pdb
c:\users\user\documents\visual studio 2015\projects\consoleapplication1\consoleapplication1\release\consolea.0d14fb0f.tlog\cl.command.1.tlog
c:\users\user\documents\visual studio 2015\projects\consoleapplication1\consoleapplication1\release\consolea.0d14fb0f.tlog\cl.read.1.tlog
c:\users\user\documents\visual studio 2015\projects\consoleapplication1\consoleapplication1\release\consolea.0d14fb0f.tlog\cl.write.1.tlog
c:\users\user\documents\visual studio 2015\projects\consoleapplication1\consoleapplication1\release\consolea.0d14fb0f.tlog\link.command.1.tlog
c:\users\user\documents\visual studio 2015\projects\consoleapplication1\consoleapplication1\release\consolea.0d14fb0f.tlog\link.read.1.tlog
c:\users\user\documents\visual studio 2015\projects\consoleapplication1\consoleapplication1\release\consolea.0d14fb0f.tlog\link.write.1.tlog
